[ 2016-12-20T00:39:04+08:00 ] 39.89.82.95 /
INFO: [ app_begin ] --START--
INFO: Run Behavior\ReadHtmlCache [ RunTime:0.000000s ]
INFO: [ app_begin ] --END-- [ RunTime:0.000976s ]

[ 2016-12-20T00:39:04+08:00 ] 39.89.82.95 /index.php/Home/User/login.html
INFO: [ app_begin ] --START--
INFO: Run Behavior\ReadHtmlCache [ RunTime:0.000000s ]
INFO: [ app_begin ] --END-- [ RunTime:0.000000s ]
SQL: SHOW COLUMNS FROM `wp_userinfo` [ RunTime:0.001953s ]
INFO: [ view_parse ] --START--
INFO: [ template_filter ] --START--
INFO: Run Behavior\ContentReplace [ RunTime:0.000000s ]
INFO: [ template_filter ] --END-- [ RunTime:0.000000s ]
INFO: Run Behavior\ParseTemplate [ RunTime:0.007813s ]
INFO: [ view_parse ] --END-- [ RunTime:0.007813s ]
INFO: [ view_filter ] --START--
INFO: Run Behavior\WriteHtmlCache [ RunTime:0.000977s ]
INFO: [ view_filter ] --END-- [ RunTime:0.000977s ]
INFO: [ app_end ] --START--
INFO: Run Behavior\ShowPageTrace [ RunTime:0.000000s ]
INFO: [ app_end ] --END-- [ RunTime:0.000000s ]

[ 2016-12-20T00:39:26+08:00 ] 39.89.82.95 /index.php/Admin/Index/index.html
INFO: [ app_begin ] --START--
INFO: Run Behavior\ReadHtmlCache [ RunTime:0.000976s ]
INFO: [ app_begin ] --END-- [ RunTime:0.000976s ]
SQL: SHOW COLUMNS FROM `wp_userinfo` [ RunTime:0.001953s ]
SQL: SHOW COLUMNS FROM `wp_order` [ RunTime:0.001953s ]
SQL: SHOW COLUMNS FROM `wp_productinfo` [ RunTime:0.001953s ]
SQL: SHOW COLUMNS FROM `wp_accountinfo` [ RunTime:0.001953s ]
SQL: SELECT COUNT(*) AS tp_count FROM `wp_userinfo` WHERE ( ustatus=0 ) LIMIT 1   [ RunTime:0.000977s ]
SQL: SELECT COUNT(*) AS tp_count FROM `wp_order` WHERE ( date_format(from_UNIXTIME(selltime),'%Y-%m-%d')>='2016-12-20' ) LIMIT 1   [ RunTime:0.000000s ]
SQL: SELECT COUNT(*) AS tp_count FROM `wp_order` WHERE ( date_format(from_UNIXTIME(selltime),'%Y-%m-%d')>='2016-12-13' ) LIMIT 1   [ RunTime:0.035157s ]
SQL: SELECT * FROM `wp_order` WHERE ( date_format(from_UNIXTIME(selltime),'%Y-%m-%d')>='2016-11-20' )  [ RunTime:0.000977s ]
NOTIC: [8] Undefined variable: total D:\WWW\ceshi1\Application\Admin\Controller\IndexController.class.php 第 33 行.
SQL: SHOW COLUMNS FROM `wp_userinfo` [ RunTime:0.001953s ]
SQL: SELECT u.uid as uid,u.username as username,o.buytime as buytime,p.pid as pid,p.ptitle as ptitle,p.uprice as uprice,o.onumber as onumber,o.ostyle as ostyle,o.ostaus as ostaus,o.fee as fee,o.orderno as orderno FROM wp_userinfo u,wp_order o,wp_productinfo p WHERE ( u.uid=o.uid and o.pid=p.pid ) ORDER BY o.oid desc LIMIT 5   [ RunTime:0.000977s ]
SQL: SELECT * FROM `wp_productinfo` ORDER BY pid desc LIMIT 5   [ RunTime:0.000000s ]
INFO: [ view_parse ] --START--
INFO: [ template_filter ] --START--
INFO: Run Behavior\ContentReplace [ RunTime:0.000977s ]
INFO: [ template_filter ] --END-- [ RunTime:0.000977s ]
INFO: Run Behavior\ParseTemplate [ RunTime:0.033205s ]
INFO: [ view_parse ] --END-- [ RunTime:0.033205s ]
INFO: [ view_filter ] --START--
INFO: Run Behavior\WriteHtmlCache [ RunTime:0.000000s ]
INFO: [ view_filter ] --END-- [ RunTime:0.000000s ]
INFO: [ app_end ] --START--
INFO: Run Behavior\ShowPageTrace [ RunTime:0.000000s ]
INFO: [ app_end ] --END-- [ RunTime:0.000000s ]

[ 2016-12-20T00:39:46+08:00 ] 39.89.82.95 /index.php/Admin/Menber/mlist.html
INFO: [ app_begin ] --START--
INFO: Run Behavior\ReadHtmlCache [ RunTime:0.000000s ]
INFO: [ app_begin ] --END-- [ RunTime:0.000977s ]
SQL: SHOW COLUMNS FROM `wp_userinfo` [ RunTime:0.001954s ]
SQL: SHOW COLUMNS FROM `wp_order` [ RunTime:0.001953s ]
SQL: SHOW COLUMNS FROM `wp_accountinfo` [ RunTime:0.000977s ]
SQL: SELECT COUNT(*) AS tp_count FROM `wp_userinfo` WHERE ( ustatus=0 and otype=2 ) LIMIT 1   [ RunTime:0.000000s ]
NOTIC: [8] Undefined variable: row D:\WWW\ceshi1\Application\Admin\Controller\MenberController.class.php 第 98 行.
SQL: SELECT wp_userinfo.username as username,wp_userinfo.utel as utel,wp_userinfo.utime as utime,wp_userinfo.uid as uid,wp_userinfo.otype as otype,wp_userinfo.ustatus as ustatus,wp_userinfo.oid as oid,wp_userinfo.address as address,wp_userinfo.portrait as portrait,wp_userinfo.lastlog as lastlog,wp_userinfo.managername as managername,wp_userinfo.comname as comname,wp_userinfo.comqua as comqua,wp_userinfo.rebate as rebate,wp_userinfo.feerebate as feerebate,wp_accountinfo.balance as balance FROM `wp_userinfo` left JOIN wp_accountinfo on wp_userinfo.uid=wp_accountinfo.uid  WHERE ( ustatus=0 and otype=2 ) ORDER BY wp_userinfo.uid desc LIMIT 0,10   [ RunTime:0.000977s ]
NOTIC: [2] Invalid argument supplied for foreach() D:\WWW\ceshi1\Application\Admin\Controller\MenberController.class.php 第 109 行.
SQL: SELECT COUNT(*) AS tp_count FROM `wp_userinfo` WHERE ( ustatus=0 ) LIMIT 1   [ RunTime:0.000000s ]
SQL: SELECT `onumber` FROM `wp_order` WHERE ( ostaus=1 )  [ RunTime:0.000000s ]
SQL: SELECT `balance` FROM `wp_accountinfo`  [ RunTime:0.000000s ]
INFO: [ view_parse ] --START--
INFO: [ template_filter ] --START--
INFO: Run Behavior\ContentReplace [ RunTime:0.000000s ]
INFO: [ template_filter ] --END-- [ RunTime:0.000000s ]
INFO: Run Behavior\ParseTemplate [ RunTime:0.031252s ]
INFO: [ view_parse ] --END-- [ RunTime:0.031252s ]
INFO: [ view_filter ] --START--
INFO: Run Behavior\WriteHtmlCache [ RunTime:0.000000s ]
INFO: [ view_filter ] --END-- [ RunTime:0.000000s ]
INFO: [ app_end ] --START--
INFO: Run Behavior\ShowPageTrace [ RunTime:0.000000s ]
INFO: [ app_end ] --END-- [ RunTime:0.000000s ]

[ 2016-12-20T00:39:54+08:00 ] 39.89.82.95 /index.php/Admin/Super/esystem.html
INFO: [ app_begin ] --START--
INFO: Run Behavior\ReadHtmlCache [ RunTime:0.000000s ]
INFO: [ app_begin ] --END-- [ RunTime:0.000000s ]
SQL: SHOW COLUMNS FROM `wp_webconfig` [ RunTime:0.001953s ]
SQL: SELECT * FROM `wp_webconfig` WHERE ( id=1 ) LIMIT 1   [ RunTime:0.000000s ]
INFO: [ view_parse ] --START--
INFO: [ template_filter ] --START--
INFO: Run Behavior\ContentReplace [ RunTime:0.000000s ]
INFO: [ template_filter ] --END-- [ RunTime:0.000000s ]
INFO: Run Behavior\ParseTemplate [ RunTime:0.027345s ]
INFO: [ view_parse ] --END-- [ RunTime:0.027345s ]
INFO: [ view_filter ] --START--
INFO: Run Behavior\WriteHtmlCache [ RunTime:0.000000s ]
INFO: [ view_filter ] --END-- [ RunTime:0.000000s ]
INFO: [ app_end ] --START--
INFO: Run Behavior\ShowPageTrace [ RunTime:0.000977s ]
INFO: [ app_end ] --END-- [ RunTime:0.000977s ]

[ 2016-12-20T00:40:43+08:00 ] 39.89.82.95 /index.php/Home/User/login.html
INFO: [ app_begin ] --START--
INFO: Run Behavior\ReadHtmlCache [ RunTime:0.000976s ]
INFO: [ app_begin ] --END-- [ RunTime:0.000976s ]
SQL: SHOW COLUMNS FROM `wp_userinfo` [ RunTime:0.001953s ]
SQL: SELECT `uid`,`username`,`upwd`,`utime` FROM `wp_userinfo` WHERE ( `username` = 'test' ) LIMIT 1   [ RunTime:0.000977s ]
SQL: UPDATE `wp_userinfo` SET `lastlog`=1482165643 WHERE ( uid=390 ) [ RunTime:0.000000s ]

[ 2016-12-20T00:40:43+08:00 ] 39.89.82.95 /index.php/Home/Index/index.html
INFO: [ app_begin ] --START--
INFO: Run Behavior\ReadHtmlCache [ RunTime:0.000000s ]
INFO: [ app_begin ] --END-- [ RunTime:0.000977s ]
SQL: SHOW COLUMNS FROM `wp_userinfo` [ RunTime:0.001953s ]
SQL: SELECT * FROM `wp_userinfo` WHERE ( uid=390 ) LIMIT 1   [ RunTime:0.000000s ]
SQL: SHOW COLUMNS FROM `wp_accountinfo` [ RunTime:0.000976s ]
SQL: SELECT * FROM `wp_accountinfo` WHERE ( uid=390 ) LIMIT 1   [ RunTime:0.000977s ]
SQL: SHOW COLUMNS FROM `wp_experienceinfo` [ RunTime:0.001953s ]
SQL: SELECT COUNT(*) AS tp_count FROM `wp_experienceinfo` INNER JOIN wp_experience on wp_experienceinfo.eid=wp_experience.eid  WHERE ( wp_experienceinfo.uid=390 and 1482165643 < wp_experienceinfo.endtime and wp_experienceinfo.getstyle=0 ) LIMIT 1   [ RunTime:0.000000s ]
SQL: SELECT * FROM `wp_accountinfo` WHERE ( `uid` = 390 ) LIMIT 1   [ RunTime:0.000000s ]
SQL: SHOW COLUMNS FROM `wp_catproduct` [ RunTime:0.001953s ]
SQL: SELECT * FROM `wp_catproduct`  [ RunTime:0.000000s ]
SQL: SHOW COLUMNS FROM `wp_productinfo` [ RunTime:0.001953s ]
SQL: SELECT * FROM `wp_productinfo`  [ RunTime:0.000000s ]
SQL: SHOW COLUMNS FROM `wp_order` [ RunTime:0.000976s ]
SQL: SELECT * FROM `wp_order` INNER JOIN wp_productinfo on wp_order.pid=wp_productinfo.pid INNER JOIN wp_catproduct on wp_productinfo.cid=wp_catproduct.cid  WHERE ( wp_order.uid=390 and ostaus=0 )  [ RunTime:0.000000s ]
SQL: SHOW COLUMNS FROM `wp_newsinfo` [ RunTime:0.001953s ]
SQL: SELECT * FROM `wp_newsinfo` WHERE ( ncategory=1 ) ORDER BY nid desc LIMIT 3   [ RunTime:0.000977s ]
SQL: SELECT * FROM `wp_newsinfo` WHERE ( ncategory=2 ) ORDER BY nid desc LIMIT 3   [ RunTime:0.000000s ]
SQL: SELECT * FROM `wp_newsinfo` WHERE ( ncategory=3 ) ORDER BY nid desc LIMIT 3   [ RunTime:0.000000s ]
SQL: SHOW COLUMNS FROM `wp_webconfig` [ RunTime:0.000977s ]
SQL: SELECT * FROM `wp_webconfig`  [ RunTime:0.000976s ]
INFO: [ view_parse ] --START--
INFO: [ template_filter ] --START--
INFO: Run Behavior\ContentReplace [ RunTime:0.000000s ]
INFO: [ template_filter ] --END-- [ RunTime:0.000000s ]
INFO: Run Behavior\ParseTemplate [ RunTime:0.035158s ]
INFO: [ view_parse ] --END-- [ RunTime:0.035158s ]
INFO: [ view_filter ] --START--
INFO: Run Behavior\WriteHtmlCache [ RunTime:0.000000s ]
INFO: [ view_filter ] --END-- [ RunTime:0.000000s ]
INFO: [ app_end ] --START--
INFO: Run Behavior\ShowPageTrace [ RunTime:0.000977s ]
INFO: [ app_end ] --END-- [ RunTime:0.000977s ]

[ 2016-12-20T00:40:45+08:00 ] 39.89.82.95 /index.php/Home/Index/price
INFO: [ app_begin ] --START--
INFO: Run Behavior\ReadHtmlCache [ RunTime:0.000976s ]
INFO: [ app_begin ] --END-- [ RunTime:0.000976s ]

[ 2016-12-20T00:40:45+08:00 ] 39.89.82.95 /index.php/Home/Index/byprice
INFO: [ app_begin ] --START--
INFO: Run Behavior\ReadHtmlCache [ RunTime:0.000977s ]
INFO: [ app_begin ] --END-- [ RunTime:0.000977s ]

[ 2016-12-20T00:40:45+08:00 ] 39.89.82.95 /index.php/Home/Index/toprice
INFO: [ app_begin ] --START--
INFO: Run Behavior\ReadHtmlCache [ RunTime:0.000977s ]
INFO: [ app_begin ] --END-- [ RunTime:0.000977s ]

[ 2016-12-20T00:40:46+08:00 ] 39.89.82.95 /index.php/Home/Index/price
INFO: [ app_begin ] --START--
INFO: Run Behavior\ReadHtmlCache [ RunTime:0.000000s ]
INFO: [ app_begin ] --END-- [ RunTime:0.000000s ]

[ 2016-12-20T00:40:46+08:00 ] 39.89.82.95 /index.php/Home/Index/byprice
INFO: [ app_begin ] --START--
INFO: Run Behavior\ReadHtmlCache [ RunTime:0.000000s ]
INFO: [ app_begin ] --END-- [ RunTime:0.000976s ]

[ 2016-12-20T00:40:46+08:00 ] 39.89.82.95 /index.php/Home/Index/toprice
INFO: [ app_begin ] --START--
INFO: Run Behavior\ReadHtmlCache [ RunTime:0.000977s ]
INFO: [ app_begin ] --END-- [ RunTime:0.000977s ]

[ 2016-12-20T00:40:47+08:00 ] 39.89.82.95 /index.php/Home/Index/price
INFO: [ app_begin ] --START--
INFO: Run Behavior\ReadHtmlCache [ RunTime:0.000000s ]
INFO: [ app_begin ] --END-- [ RunTime:0.000977s ]

[ 2016-12-20T00:40:47+08:00 ] 39.89.82.95 /index.php/Home/Index/byprice
INFO: [ app_begin ] --START--
INFO: Run Behavior\ReadHtmlCache [ RunTime:0.000000s ]
INFO: [ app_begin ] --END-- [ RunTime:0.000977s ]

[ 2016-12-20T00:40:47+08:00 ] 39.89.82.95 /index.php/Home/Index/toprice
INFO: [ app_begin ] --START--
INFO: Run Behavior\ReadHtmlCache [ RunTime:0.000000s ]
INFO: [ app_begin ] --END-- [ RunTime:0.000000s ]

[ 2016-12-20T00:40:48+08:00 ] 39.89.82.95 /index.php/Home/Index/price
INFO: [ app_begin ] --START--
INFO: Run Behavior\ReadHtmlCache [ RunTime:0.000000s ]
INFO: [ app_begin ] --END-- [ RunTime:0.000000s ]

[ 2016-12-20T00:40:48+08:00 ] 39.89.82.95 /index.php/Home/Index/byprice
INFO: [ app_begin ] --START--
INFO: Run Behavior\ReadHtmlCache [ RunTime:0.000000s ]
INFO: [ app_begin ] --END-- [ RunTime:0.000000s ]

[ 2016-12-20T00:40:48+08:00 ] 39.89.82.95 /index.php/Home/Index/toprice
INFO: [ app_begin ] --START--
INFO: Run Behavior\ReadHtmlCache [ RunTime:0.000000s ]
INFO: [ app_begin ] --END-- [ RunTime:0.000000s ]

[ 2016-12-20T00:40:49+08:00 ] 39.89.82.95 /index.php/Home/Index/price
INFO: [ app_begin ] --START--
INFO: Run Behavior\ReadHtmlCache [ RunTime:0.000000s ]
INFO: [ app_begin ] --END-- [ RunTime:0.000000s ]

[ 2016-12-20T00:40:49+08:00 ] 39.89.82.95 /index.php/Home/Index/byprice
INFO: [ app_begin ] --START--
INFO: Run Behavior\ReadHtmlCache [ RunTime:0.000977s ]
INFO: [ app_begin ] --END-- [ RunTime:0.000977s ]

[ 2016-12-20T00:40:49+08:00 ] 39.89.82.95 /index.php/Home/Index/toprice
INFO: [ app_begin ] --START--
INFO: Run Behavior\ReadHtmlCache [ RunTime:0.000976s ]
INFO: [ app_begin ] --END-- [ RunTime:0.000976s ]

[ 2016-12-20T00:40:50+08:00 ] 39.89.82.95 /index.php/Home/Index/price
INFO: [ app_begin ] --START--
INFO: Run Behavior\ReadHtmlCache [ RunTime:0.000000s ]
INFO: [ app_begin ] --END-- [ RunTime:0.000000s ]

[ 2016-12-20T00:40:50+08:00 ] 39.89.82.95 /index.php/Home/Index/byprice
INFO: [ app_begin ] --START--
INFO: Run Behavior\ReadHtmlCache [ RunTime:0.000000s ]
INFO: [ app_begin ] --END-- [ RunTime:0.000976s ]

[ 2016-12-20T00:40:50+08:00 ] 39.89.82.95 /index.php/Home/Index/toprice
INFO: [ app_begin ] --START--
INFO: Run Behavior\ReadHtmlCache [ RunTime:0.000977s ]
INFO: [ app_begin ] --END-- [ RunTime:0.000977s ]

[ 2016-12-20T00:40:51+08:00 ] 39.89.82.95 /index.php/Home/Index/price
INFO: [ app_begin ] --START--
INFO: Run Behavior\ReadHtmlCache [ RunTime:0.000000s ]
INFO: [ app_begin ] --END-- [ RunTime:0.000977s ]

[ 2016-12-20T00:40:51+08:00 ] 39.89.82.95 /index.php/Home/Index/byprice
INFO: [ app_begin ] --START--
INFO: Run Behavior\ReadHtmlCache [ RunTime:0.000000s ]
INFO: [ app_begin ] --END-- [ RunTime:0.000976s ]

[ 2016-12-20T00:40:51+08:00 ] 39.89.82.95 /index.php/Home/Index/toprice
INFO: [ app_begin ] --START--
INFO: Run Behavior\ReadHtmlCache [ RunTime:0.000000s ]
INFO: [ app_begin ] --END-- [ RunTime:0.000000s ]

[ 2016-12-20T00:40:52+08:00 ] 39.89.82.95 /index.php/Home/Index/price
INFO: [ app_begin ] --START--
INFO: Run Behavior\ReadHtmlCache [ RunTime:0.000000s ]
INFO: [ app_begin ] --END-- [ RunTime:0.000977s ]

[ 2016-12-20T00:40:52+08:00 ] 39.89.82.95 /index.php/Home/Index/byprice
INFO: [ app_begin ] --START--
INFO: Run Behavior\ReadHtmlCache [ RunTime:0.000976s ]
INFO: [ app_begin ] --END-- [ RunTime:0.000976s ]

[ 2016-12-20T00:40:52+08:00 ] 39.89.82.95 /index.php/Home/Index/toprice
INFO: [ app_begin ] --START--
INFO: Run Behavior\ReadHtmlCache [ RunTime:0.000000s ]
INFO: [ app_begin ] --END-- [ RunTime:0.000976s ]

[ 2016-12-20T00:40:53+08:00 ] 39.89.82.95 /index.php/Home/Index/price
INFO: [ app_begin ] --START--
INFO: Run Behavior\ReadHtmlCache [ RunTime:0.000000s ]
INFO: [ app_begin ] --END-- [ RunTime:0.000000s ]

[ 2016-12-20T00:40:53+08:00 ] 39.89.82.95 /index.php/Home/Index/byprice
INFO: [ app_begin ] --START--
INFO: Run Behavior\ReadHtmlCache [ RunTime:0.000000s ]
INFO: [ app_begin ] --END-- [ RunTime:0.000000s ]

[ 2016-12-20T00:40:53+08:00 ] 39.89.82.95 /index.php/Home/Index/toprice
INFO: [ app_begin ] --START--
INFO: Run Behavior\ReadHtmlCache [ RunTime:0.000976s ]
INFO: [ app_begin ] --END-- [ RunTime:0.000976s ]

[ 2016-12-20T00:40:54+08:00 ] 39.89.82.95 /index.php/Home/Index/price
INFO: [ app_begin ] --START--
INFO: Run Behavior\ReadHtmlCache [ RunTime:0.000000s ]
INFO: [ app_begin ] --END-- [ RunTime:0.000977s ]

[ 2016-12-20T00:40:54+08:00 ] 39.89.82.95 /index.php/Home/Index/byprice
INFO: [ app_begin ] --START--
INFO: Run Behavior\ReadHtmlCache [ RunTime:0.000000s ]
INFO: [ app_begin ] --END-- [ RunTime:0.000976s ]

[ 2016-12-20T00:40:54+08:00 ] 39.89.82.95 /index.php/Home/Index/toprice
INFO: [ app_begin ] --START--
INFO: Run Behavior\ReadHtmlCache [ RunTime:0.000000s ]
INFO: [ app_begin ] --END-- [ RunTime:0.000000s ]

[ 2016-12-20T00:40:55+08:00 ] 39.89.82.95 /index.php/Home/Index/price
INFO: [ app_begin ] --START--
INFO: Run Behavior\ReadHtmlCache [ RunTime:0.000000s ]
INFO: [ app_begin ] --END-- [ RunTime:0.000976s ]

[ 2016-12-20T00:40:55+08:00 ] 39.89.82.95 /index.php/Home/Index/byprice
INFO: [ app_begin ] --START--
INFO: Run Behavior\ReadHtmlCache [ RunTime:0.000977s ]
INFO: [ app_begin ] --END-- [ RunTime:0.000977s ]

[ 2016-12-20T00:40:55+08:00 ] 39.89.82.95 /index.php/Home/Index/toprice
INFO: [ app_begin ] --START--
INFO: Run Behavior\ReadHtmlCache [ RunTime:0.000000s ]
INFO: [ app_begin ] --END-- [ RunTime:0.000976s ]

[ 2016-12-20T00:40:56+08:00 ] 39.89.82.95 /index.php/Home/Index/price
INFO: [ app_begin ] --START--
INFO: Run Behavior\ReadHtmlCache [ RunTime:0.000976s ]
INFO: [ app_begin ] --END-- [ RunTime:0.000976s ]

[ 2016-12-20T00:40:56+08:00 ] 39.89.82.95 /index.php/Home/Index/toprice
INFO: [ app_begin ] --START--
INFO: Run Behavior\ReadHtmlCache [ RunTime:0.000977s ]
INFO: [ app_begin ] --END-- [ RunTime:0.000977s ]

[ 2016-12-20T00:40:56+08:00 ] 39.89.82.95 /index.php/Home/Index/byprice
INFO: [ app_begin ] --START--
INFO: Run Behavior\ReadHtmlCache [ RunTime:0.000000s ]
INFO: [ app_begin ] --END-- [ RunTime:0.000977s ]

[ 2016-12-20T00:40:57+08:00 ] 39.89.82.95 /index.php/Home/Index/price
INFO: [ app_begin ] --START--
INFO: Run Behavior\ReadHtmlCache [ RunTime:0.000000s ]
INFO: [ app_begin ] --END-- [ RunTime:0.000977s ]

[ 2016-12-20T00:40:57+08:00 ] 39.89.82.95 /index.php/Home/Index/toprice
INFO: [ app_begin ] --START--
INFO: Run Behavior\ReadHtmlCache [ RunTime:0.000977s ]
INFO: [ app_begin ] --END-- [ RunTime:0.000977s ]

[ 2016-12-20T00:40:57+08:00 ] 39.89.82.95 /index.php/Home/Index/byprice
INFO: [ app_begin ] --START--
INFO: Run Behavior\ReadHtmlCache [ RunTime:0.000976s ]
INFO: [ app_begin ] --END-- [ RunTime:0.000976s ]

[ 2016-12-20T00:40:58+08:00 ] 39.89.82.95 /index.php/Home/Index/price
INFO: [ app_begin ] --START--
INFO: Run Behavior\ReadHtmlCache [ RunTime:0.000976s ]
INFO: [ app_begin ] --END-- [ RunTime:0.000976s ]

[ 2016-12-20T00:40:58+08:00 ] 39.89.82.95 /index.php/Home/Index/byprice
INFO: [ app_begin ] --START--
INFO: Run Behavior\ReadHtmlCache [ RunTime:0.000976s ]
INFO: [ app_begin ] --END-- [ RunTime:0.000976s ]

[ 2016-12-20T00:40:58+08:00 ] 39.89.82.95 /index.php/Home/Index/toprice
INFO: [ app_begin ] --START--
INFO: Run Behavior\ReadHtmlCache [ RunTime:0.000977s ]
INFO: [ app_begin ] --END-- [ RunTime:0.000977s ]

[ 2016-12-20T00:40:59+08:00 ] 39.89.82.95 /index.php/Home/Index/price
INFO: [ app_begin ] --START--
INFO: Run Behavior\ReadHtmlCache [ RunTime:0.000000s ]
INFO: [ app_begin ] --END-- [ RunTime:0.000977s ]

[ 2016-12-20T00:40:59+08:00 ] 39.89.82.95 /index.php/Home/Index/byprice
INFO: [ app_begin ] --START--
INFO: Run Behavior\ReadHtmlCache [ RunTime:0.000977s ]
INFO: [ app_begin ] --END-- [ RunTime:0.000977s ]

[ 2016-12-20T00:40:59+08:00 ] 39.89.82.95 /index.php/Home/Index/toprice
INFO: [ app_begin ] --START--
INFO: Run Behavior\ReadHtmlCache [ RunTime:0.000976s ]
INFO: [ app_begin ] --END-- [ RunTime:0.000976s ]

[ 2016-12-20T00:41:00+08:00 ] 39.89.82.95 /index.php/Home/Index/price
INFO: [ app_begin ] --START--
INFO: Run Behavior\ReadHtmlCache [ RunTime:0.000000s ]
INFO: [ app_begin ] --END-- [ RunTime:0.000977s ]

[ 2016-12-20T00:41:00+08:00 ] 39.89.82.95 /index.php/Home/Index/byprice
INFO: [ app_begin ] --START--
INFO: Run Behavior\ReadHtmlCache [ RunTime:0.000976s ]
INFO: [ app_begin ] --END-- [ RunTime:0.000976s ]

[ 2016-12-20T00:41:00+08:00 ] 39.89.82.95 /index.php/Home/Index/toprice
INFO: [ app_begin ] --START--
INFO: Run Behavior\ReadHtmlCache [ RunTime:0.000977s ]
INFO: [ app_begin ] --END-- [ RunTime:0.000977s ]

[ 2016-12-20T00:41:01+08:00 ] 39.89.82.95 /index.php/Home/Index/price
INFO: [ app_begin ] --START--
INFO: Run Behavior\ReadHtmlCache [ RunTime:0.000000s ]
INFO: [ app_begin ] --END-- [ RunTime:0.000000s ]

[ 2016-12-20T00:41:01+08:00 ] 39.89.82.95 /index.php/Home/Index/byprice
INFO: [ app_begin ] --START--
INFO: Run Behavior\ReadHtmlCache [ RunTime:0.000000s ]
INFO: [ app_begin ] --END-- [ RunTime:0.000976s ]

[ 2016-12-20T00:41:01+08:00 ] 39.89.82.95 /index.php/Home/Index/toprice
INFO: [ app_begin ] --START--
INFO: Run Behavior\ReadHtmlCache [ RunTime:0.000000s ]
INFO: [ app_begin ] --END-- [ RunTime:0.000976s ]

[ 2016-12-20T00:41:02+08:00 ] 39.89.82.95 /index.php/Home/Index/price
INFO: [ app_begin ] --START--
INFO: Run Behavior\ReadHtmlCache [ RunTime:0.000977s ]
INFO: [ app_begin ] --END-- [ RunTime:0.000977s ]

[ 2016-12-20T00:41:02+08:00 ] 39.89.82.95 /index.php/Home/Index/toprice
INFO: [ app_begin ] --START--
INFO: Run Behavior\ReadHtmlCache [ RunTime:0.000977s ]
INFO: [ app_begin ] --END-- [ RunTime:0.000977s ]

[ 2016-12-20T00:41:02+08:00 ] 39.89.82.95 /index.php/Home/Index/byprice
INFO: [ app_begin ] --START--
INFO: Run Behavior\ReadHtmlCache [ RunTime:0.000000s ]
INFO: [ app_begin ] --END-- [ RunTime:0.000000s ]

[ 2016-12-20T00:41:03+08:00 ] 39.89.82.95 /index.php/Home/Index/price
INFO: [ app_begin ] --START--
INFO: Run Behavior\ReadHtmlCache [ RunTime:0.000000s ]
INFO: [ app_begin ] --END-- [ RunTime:0.000977s ]

[ 2016-12-20T00:41:03+08:00 ] 39.89.82.95 /index.php/Home/Index/byprice
INFO: [ app_begin ] --START--
INFO: Run Behavior\ReadHtmlCache [ RunTime:0.000976s ]
INFO: [ app_begin ] --END-- [ RunTime:0.000976s ]

[ 2016-12-20T00:41:03+08:00 ] 39.89.82.95 /index.php/Home/Index/toprice
INFO: [ app_begin ] --START--
INFO: Run Behavior\ReadHtmlCache [ RunTime:0.000000s ]
INFO: [ app_begin ] --END-- [ RunTime:0.000000s ]

[ 2016-12-20T00:41:04+08:00 ] 39.89.82.95 /index.php/Home/Index/price
INFO: [ app_begin ] --START--
INFO: Run Behavior\ReadHtmlCache [ RunTime:0.000977s ]
INFO: [ app_begin ] --END-- [ RunTime:0.000977s ]

[ 2016-12-20T00:41:04+08:00 ] 39.89.82.95 /index.php/Home/Index/byprice
INFO: [ app_begin ] --START--
INFO: Run Behavior\ReadHtmlCache [ RunTime:0.000977s ]
INFO: [ app_begin ] --END-- [ RunTime:0.000977s ]

[ 2016-12-20T00:41:04+08:00 ] 39.89.82.95 /index.php/Home/Index/toprice
INFO: [ app_begin ] --START--
INFO: Run Behavior\ReadHtmlCache [ RunTime:0.000000s ]
INFO: [ app_begin ] --END-- [ RunTime:0.000000s ]

[ 2016-12-20T00:41:04+08:00 ] 39.89.82.95 /index.php/Home/News/newslist.html?fid=1
INFO: [ app_begin ] --START--
INFO: Run Behavior\ReadHtmlCache [ RunTime:0.000000s ]
INFO: [ app_begin ] --END-- [ RunTime:0.000977s ]
SQL: SHOW COLUMNS FROM `wp_newsinfo` [ RunTime:0.000976s ]
SQL: SELECT * FROM `wp_newsinfo` WHERE ( ncategory=1 ) ORDER BY nid desc  [ RunTime:0.000000s ]
SQL: SHOW COLUMNS FROM `wp_newsclass` [ RunTime:0.010743s ]
SQL: SELECT * FROM `wp_newsclass` WHERE ( fid=1 ) LIMIT 1   [ RunTime:0.000976s ]
INFO: [ view_parse ] --START--
INFO: [ template_filter ] --START--
INFO: Run Behavior\ContentReplace [ RunTime:0.000000s ]
INFO: [ template_filter ] --END-- [ RunTime:0.000000s ]
INFO: Run Behavior\ParseTemplate [ RunTime:0.007813s ]
INFO: [ view_parse ] --END-- [ RunTime:0.007813s ]
INFO: [ view_filter ] --START--
INFO: Run Behavior\WriteHtmlCache [ RunTime:0.000977s ]
INFO: [ view_filter ] --END-- [ RunTime:0.000977s ]
INFO: [ app_end ] --START--
INFO: Run Behavior\ShowPageTrace [ RunTime:0.000976s ]
INFO: [ app_end ] --END-- [ RunTime:0.000976s ]

[ 2016-12-20T00:41:12+08:00 ] 39.89.82.95 /index.php/Home/Index/byprice
INFO: [ app_begin ] --START--
INFO: Run Behavior\ReadHtmlCache [ RunTime:0.000977s ]
INFO: [ app_begin ] --END-- [ RunTime:0.000977s ]

[ 2016-12-20T00:41:12+08:00 ] 39.89.82.95 /index.php/Home/Index/price
INFO: [ app_begin ] --START--
INFO: Run Behavior\ReadHtmlCache [ RunTime:0.000000s ]
INFO: [ app_begin ] --END-- [ RunTime:0.000977s ]

[ 2016-12-20T00:41:12+08:00 ] 39.89.82.95 /index.php/Home/Index/toprice
INFO: [ app_begin ] --START--
INFO: Run Behavior\ReadHtmlCache [ RunTime:0.000000s ]
INFO: [ app_begin ] --END-- [ RunTime:0.000976s ]

[ 2016-12-20T00:41:13+08:00 ] 39.89.82.95 /index.php/Home/Index/price
INFO: [ app_begin ] --START--
INFO: Run Behavior\ReadHtmlCache [ RunTime:0.000977s ]
INFO: [ app_begin ] --END-- [ RunTime:0.000977s ]

[ 2016-12-20T00:41:13+08:00 ] 39.89.82.95 /index.php/Home/Index/byprice
INFO: [ app_begin ] --START--
INFO: Run Behavior\ReadHtmlCache [ RunTime:0.000000s ]
INFO: [ app_begin ] --END-- [ RunTime:0.000977s ]

[ 2016-12-20T00:41:13+08:00 ] 39.89.82.95 /index.php/Home/Index/toprice
INFO: [ app_begin ] --START--
INFO: Run Behavior\ReadHtmlCache [ RunTime:0.000000s ]
INFO: [ app_begin ] --END-- [ RunTime:0.000976s ]

[ 2016-12-20T00:41:14+08:00 ] 39.89.82.95 /index.php/Home/User/login.html
INFO: [ app_begin ] --START--
INFO: Run Behavior\ReadHtmlCache [ RunTime:0.000977s ]
INFO: [ app_begin ] --END-- [ RunTime:0.000977s ]
SQL: SHOW COLUMNS FROM `wp_userinfo` [ RunTime:0.001953s ]
INFO: [ view_parse ] --START--
INFO: [ template_filter ] --START--
INFO: Run Behavior\ContentReplace [ RunTime:0.000000s ]
INFO: [ template_filter ] --END-- [ RunTime:0.000000s ]
INFO: Run Behavior\ParseTemplate [ RunTime:0.006836s ]
INFO: [ view_parse ] --END-- [ RunTime:0.006836s ]
INFO: [ view_filter ] --START--
INFO: Run Behavior\WriteHtmlCache [ RunTime:0.000000s ]
INFO: [ view_filter ] --END-- [ RunTime:0.000976s ]
INFO: [ app_end ] --START--
INFO: Run Behavior\ShowPageTrace [ RunTime:0.000000s ]
INFO: [ app_end ] --END-- [ RunTime:0.000000s ]

[ 2016-12-20T00:41:14+08:00 ] 39.89.82.95 /index.php/Home/Index/price
INFO: [ app_begin ] --START--
INFO: Run Behavior\ReadHtmlCache [ RunTime:0.000000s ]
INFO: [ app_begin ] --END-- [ RunTime:0.000000s ]

[ 2016-12-20T01:27:15+08:00 ] 101.226.125.121 /index.php/Home/User/login.html
INFO: [ app_begin ] --START--
INFO: Run Behavior\ReadHtmlCache [ RunTime:0.017579s ]
INFO: [ app_begin ] --END-- [ RunTime:0.017579s ]
SQL: SHOW COLUMNS FROM `wp_userinfo` [ RunTime:0.002930s ]
NOTIC: [8] Undefined index: openid D:\WWW\ceshi1\Application\Home\Controller\UserController.class.php 第 41 行.
SQL: SHOW COLUMNS FROM `wp_wechat` [ RunTime:0.001953s ]
SQL: SELECT * FROM `wp_wechat` LIMIT 1   [ RunTime:0.000000s ]
INFO: [ view_parse ] --START--
INFO: [ template_filter ] --START--
INFO: Run Behavior\ContentReplace [ RunTime:0.000000s ]
INFO: [ template_filter ] --END-- [ RunTime:0.000000s ]
INFO: Run Behavior\ParseTemplate [ RunTime:0.014649s ]
INFO: [ view_parse ] --END-- [ RunTime:0.014649s ]
INFO: [ view_filter ] --START--
INFO: Run Behavior\WriteHtmlCache [ RunTime:0.000977s ]
INFO: [ view_filter ] --END-- [ RunTime:0.001953s ]
INFO: [ app_end ] --START--
INFO: Run Behavior\ShowPageTrace [ RunTime:0.000977s ]
INFO: [ app_end ] --END-- [ RunTime:0.000977s ]

[ 2016-12-20T01:27:15+08:00 ] 101.226.125.117 /
INFO: [ app_begin ] --START--
INFO: Run Behavior\ReadHtmlCache [ RunTime:0.000000s ]
INFO: [ app_begin ] --END-- [ RunTime:0.000976s ]

[ 2016-12-20T01:27:25+08:00 ] 117.185.27.99 /
INFO: [ app_begin ] --START--
INFO: Run Behavior\ReadHtmlCache [ RunTime:0.000977s ]
INFO: [ app_begin ] --END-- [ RunTime:0.000977s ]

[ 2016-12-20T01:42:47+08:00 ] 101.226.125.115 /
INFO: [ app_begin ] --START--
INFO: Run Behavior\ReadHtmlCache [ RunTime:0.037111s ]
INFO: [ app_begin ] --END-- [ RunTime:0.038088s ]

[ 2016-12-20T01:42:47+08:00 ] 101.226.125.121 /index.php/Home/User/login.html
INFO: [ app_begin ] --START--
INFO: Run Behavior\ReadHtmlCache [ RunTime:0.037111s ]
INFO: [ app_begin ] --END-- [ RunTime:0.038087s ]
SQL: SHOW COLUMNS FROM `wp_userinfo` [ RunTime:0.001953s ]
NOTIC: [8] Undefined index: openid D:\WWW\ceshi1\Application\Home\Controller\UserController.class.php 第 41 行.
SQL: SHOW COLUMNS FROM `wp_wechat` [ RunTime:0.000977s ]
SQL: SELECT * FROM `wp_wechat` LIMIT 1   [ RunTime:0.000977s ]
INFO: [ view_parse ] --START--
INFO: [ template_filter ] --START--
INFO: Run Behavior\ContentReplace [ RunTime:0.000000s ]
INFO: [ template_filter ] --END-- [ RunTime:0.000000s ]
INFO: Run Behavior\ParseTemplate [ RunTime:0.034181s ]
INFO: [ view_parse ] --END-- [ RunTime:0.034181s ]
INFO: [ view_filter ] --START--
INFO: Run Behavior\WriteHtmlCache [ RunTime:0.001954s ]
INFO: [ view_filter ] --END-- [ RunTime:0.001954s ]
INFO: [ app_end ] --START--
INFO: Run Behavior\ShowPageTrace [ RunTime:0.001953s ]
INFO: [ app_end ] --END-- [ RunTime:0.001953s ]

[ 2016-12-20T01:42:57+08:00 ] 117.185.27.102 /
INFO: [ app_begin ] --START--
INFO: Run Behavior\ReadHtmlCache [ RunTime:0.000000s ]
INFO: [ app_begin ] --END-- [ RunTime:0.000976s ]

