[ 2016-12-22T23:28:10+08:00 ] 39.88.148.158 /index.php/Admin
INFO: [ app_begin ] --START--
INFO: Run Behavior\ReadHtmlCache [ RunTime:0.015625s ]
INFO: [ app_begin ] --END-- [ RunTime:0.015625s ]
INFO: [ view_parse ] --START--
INFO: [ template_filter ] --START--
INFO: Run Behavior\ContentReplace [ RunTime:0.000000s ]
INFO: [ template_filter ] --END-- [ RunTime:0.000000s ]
NOTIC: [8] Undefined variable: uname D:\WWW\ceshi1\Application\Runtime\Cache\Admin\1231bb807679ac85075f5ce2a7e2303e.php 第 37 行.
INFO: Run Behavior\ParseTemplate [ RunTime:0.031251s ]
INFO: [ view_parse ] --END-- [ RunTime:0.031251s ]
INFO: [ view_filter ] --START--
INFO: Run Behavior\WriteHtmlCache [ RunTime:0.000000s ]
INFO: [ view_filter ] --END-- [ RunTime:0.000000s ]
INFO: [ app_end ] --START--
INFO: Run Behavior\ShowPageTrace [ RunTime:0.000000s ]
INFO: [ app_end ] --END-- [ RunTime:0.000000s ]

[ 2016-12-22T23:28:14+08:00 ] 39.88.148.158 /index.php/Admin/User/signin.html
INFO: [ app_begin ] --START--
INFO: Run Behavior\ReadHtmlCache [ RunTime:0.000000s ]
INFO: [ app_begin ] --END-- [ RunTime:0.000000s ]
SQL: SHOW COLUMNS FROM `wp_userinfo` [ RunTime:0.031251s ]
SQL: SELECT `uid`,`upwd`,`username`,`utel`,`utime`,`otype`,`ustatus` FROM `wp_userinfo` WHERE ( `username` = 'wpadmin' ) AND ( `ustatus` = 0 ) LIMIT 1   [ RunTime:0.000000s ]
INFO: [ view_parse ] --START--
INFO: [ template_filter ] --START--
INFO: Run Behavior\ContentReplace [ RunTime:0.000000s ]
INFO: [ template_filter ] --END-- [ RunTime:0.000000s ]
INFO: Run Behavior\ParseTemplate [ RunTime:0.015626s ]
INFO: [ view_parse ] --END-- [ RunTime:0.015626s ]
INFO: [ view_filter ] --START--
INFO: Run Behavior\WriteHtmlCache [ RunTime:0.000000s ]
INFO: [ view_filter ] --END-- [ RunTime:0.000000s ]
INFO: [ app_end ] --START--
INFO: Run Behavior\ShowPageTrace [ RunTime:0.000000s ]
INFO: [ app_end ] --END-- [ RunTime:0.000000s ]

[ 2016-12-22T23:28:15+08:00 ] 39.88.148.158 /index.php/Admin/Index/index.html
INFO: [ app_begin ] --START--
INFO: Run Behavior\ReadHtmlCache [ RunTime:0.000000s ]
INFO: [ app_begin ] --END-- [ RunTime:0.000000s ]
SQL: SHOW COLUMNS FROM `wp_userinfo` [ RunTime:0.000000s ]
SQL: SHOW COLUMNS FROM `wp_order` [ RunTime:0.015626s ]
SQL: SHOW COLUMNS FROM `wp_productinfo` [ RunTime:0.000000s ]
SQL: SHOW COLUMNS FROM `wp_accountinfo` [ RunTime:0.031251s ]
SQL: SELECT COUNT(*) AS tp_count FROM `wp_userinfo` WHERE ( ustatus=0 ) LIMIT 1   [ RunTime:0.000000s ]
SQL: SELECT COUNT(*) AS tp_count FROM `wp_order` WHERE ( date_format(from_UNIXTIME(selltime),'%Y-%m-%d')>='2016-12-22' ) LIMIT 1   [ RunTime:0.000000s ]
SQL: SELECT COUNT(*) AS tp_count FROM `wp_order` WHERE ( date_format(from_UNIXTIME(selltime),'%Y-%m-%d')>='2016-12-15' ) LIMIT 1   [ RunTime:0.000000s ]
SQL: SELECT * FROM `wp_order` WHERE ( date_format(from_UNIXTIME(selltime),'%Y-%m-%d')>='2016-11-22' )  [ RunTime:0.000000s ]
NOTIC: [8] Undefined variable: total D:\WWW\ceshi1\Application\Admin\Controller\IndexController.class.php 第 33 行.
SQL: SHOW COLUMNS FROM `wp_userinfo` [ RunTime:0.000000s ]
SQL: SELECT u.uid as uid,u.username as username,o.buytime as buytime,p.pid as pid,p.ptitle as ptitle,p.uprice as uprice,o.onumber as onumber,o.ostyle as ostyle,o.ostaus as ostaus,o.fee as fee,o.orderno as orderno FROM wp_userinfo u,wp_order o,wp_productinfo p WHERE ( u.uid=o.uid and o.pid=p.pid ) ORDER BY o.oid desc LIMIT 5   [ RunTime:0.000000s ]
SQL: SELECT * FROM `wp_productinfo` ORDER BY pid desc LIMIT 5   [ RunTime:0.000000s ]
INFO: [ view_parse ] --START--
INFO: [ template_filter ] --START--
INFO: Run Behavior\ContentReplace [ RunTime:0.000000s ]
INFO: [ template_filter ] --END-- [ RunTime:0.000000s ]
INFO: Run Behavior\ParseTemplate [ RunTime:0.015626s ]
INFO: [ view_parse ] --END-- [ RunTime:0.015626s ]
INFO: [ view_filter ] --START--
INFO: Run Behavior\WriteHtmlCache [ RunTime:0.015625s ]
INFO: [ view_filter ] --END-- [ RunTime:0.015625s ]
INFO: [ app_end ] --START--
INFO: Run Behavior\ShowPageTrace [ RunTime:0.000000s ]
INFO: [ app_end ] --END-- [ RunTime:0.000000s ]

[ 2016-12-22T23:28:51+08:00 ] 39.88.148.158 /
INFO: [ app_begin ] --START--
INFO: Run Behavior\ReadHtmlCache [ RunTime:0.000000s ]
INFO: [ app_begin ] --END-- [ RunTime:0.000000s ]

[ 2016-12-22T23:28:51+08:00 ] 39.88.148.158 /index.php/Home/User/login.html
INFO: [ app_begin ] --START--
INFO: Run Behavior\ReadHtmlCache [ RunTime:0.000000s ]
INFO: [ app_begin ] --END-- [ RunTime:0.000000s ]
SQL: SHOW COLUMNS FROM `wp_userinfo` [ RunTime:0.000000s ]
INFO: [ view_parse ] --START--
INFO: [ template_filter ] --START--
INFO: Run Behavior\ContentReplace [ RunTime:0.000000s ]
INFO: [ template_filter ] --END-- [ RunTime:0.000000s ]
INFO: Run Behavior\ParseTemplate [ RunTime:0.015626s ]
INFO: [ view_parse ] --END-- [ RunTime:0.015626s ]
INFO: [ view_filter ] --START--
INFO: Run Behavior\WriteHtmlCache [ RunTime:0.000000s ]
INFO: [ view_filter ] --END-- [ RunTime:0.000000s ]
INFO: [ app_end ] --START--
INFO: Run Behavior\ShowPageTrace [ RunTime:0.000000s ]
INFO: [ app_end ] --END-- [ RunTime:0.000000s ]

[ 2016-12-22T23:29:22+08:00 ] 39.88.148.158 /index.php/Home/User/login.html
INFO: [ app_begin ] --START--
INFO: Run Behavior\ReadHtmlCache [ RunTime:0.000000s ]
INFO: [ app_begin ] --END-- [ RunTime:0.015625s ]
SQL: SHOW COLUMNS FROM `wp_userinfo` [ RunTime:0.000000s ]
SQL: SELECT `uid`,`username`,`upwd`,`utime` FROM `wp_userinfo` WHERE ( `username` = 'test' ) LIMIT 1   [ RunTime:0.000000s ]
SQL: UPDATE `wp_userinfo` SET `lastlog`=1482420562 WHERE ( uid=390 ) [ RunTime:0.000000s ]

[ 2016-12-22T23:29:22+08:00 ] 39.88.148.158 /index.php/Home/Index/index.html
INFO: [ app_begin ] --START--
INFO: Run Behavior\ReadHtmlCache [ RunTime:0.000000s ]
INFO: [ app_begin ] --END-- [ RunTime:0.000000s ]
SQL: SHOW COLUMNS FROM `wp_userinfo` [ RunTime:0.000000s ]
SQL: SELECT * FROM `wp_userinfo` WHERE ( uid=390 ) LIMIT 1   [ RunTime:0.000000s ]
SQL: SHOW COLUMNS FROM `wp_accountinfo` [ RunTime:0.000000s ]
SQL: SELECT * FROM `wp_accountinfo` WHERE ( uid=390 ) LIMIT 1   [ RunTime:0.000000s ]
SQL: SHOW COLUMNS FROM `wp_experienceinfo` [ RunTime:0.031251s ]
SQL: SELECT COUNT(*) AS tp_count FROM `wp_experienceinfo` INNER JOIN wp_experience on wp_experienceinfo.eid=wp_experience.eid  WHERE ( wp_experienceinfo.uid=390 and 1482420562 < wp_experienceinfo.endtime and wp_experienceinfo.getstyle=0 ) LIMIT 1   [ RunTime:0.000000s ]
SQL: SELECT * FROM `wp_accountinfo` WHERE ( `uid` = 390 ) LIMIT 1   [ RunTime:0.000000s ]
SQL: SHOW COLUMNS FROM `wp_catproduct` [ RunTime:0.000000s ]
SQL: SELECT * FROM `wp_catproduct`  [ RunTime:0.015625s ]
SQL: SHOW COLUMNS FROM `wp_productinfo` [ RunTime:0.000000s ]
SQL: SELECT * FROM `wp_productinfo`  [ RunTime:0.000000s ]
SQL: SHOW COLUMNS FROM `wp_order` [ RunTime:0.000000s ]
SQL: SELECT * FROM `wp_order` INNER JOIN wp_productinfo on wp_order.pid=wp_productinfo.pid INNER JOIN wp_catproduct on wp_productinfo.cid=wp_catproduct.cid  WHERE ( wp_order.uid=390 and ostaus=0 )  [ RunTime:0.000000s ]
SQL: SHOW COLUMNS FROM `wp_newsinfo` [ RunTime:0.000000s ]
SQL: SELECT * FROM `wp_newsinfo` WHERE ( ncategory=1 ) ORDER BY nid desc LIMIT 3   [ RunTime:0.000000s ]
SQL: SELECT * FROM `wp_newsinfo` WHERE ( ncategory=2 ) ORDER BY nid desc LIMIT 3   [ RunTime:0.000000s ]
SQL: SELECT * FROM `wp_newsinfo` WHERE ( ncategory=3 ) ORDER BY nid desc LIMIT 3   [ RunTime:0.000000s ]
SQL: SHOW COLUMNS FROM `wp_webconfig` [ RunTime:0.015626s ]
SQL: SELECT * FROM `wp_webconfig`  [ RunTime:0.000000s ]
INFO: [ view_parse ] --START--
INFO: [ template_filter ] --START--
INFO: Run Behavior\ContentReplace [ RunTime:0.000000s ]
INFO: [ template_filter ] --END-- [ RunTime:0.000000s ]
INFO: Run Behavior\ParseTemplate [ RunTime:0.046876s ]
INFO: [ view_parse ] --END-- [ RunTime:0.046876s ]
INFO: [ view_filter ] --START--
INFO: Run Behavior\WriteHtmlCache [ RunTime:0.000000s ]
INFO: [ view_filter ] --END-- [ RunTime:0.000000s ]
INFO: [ app_end ] --START--
INFO: Run Behavior\ShowPageTrace [ RunTime:0.000000s ]
INFO: [ app_end ] --END-- [ RunTime:0.000000s ]

[ 2016-12-22T23:29:27+08:00 ] 39.88.148.158 /index.php/Home/User/login.html
INFO: [ app_begin ] --START--
INFO: Run Behavior\ReadHtmlCache [ RunTime:0.000000s ]
INFO: [ app_begin ] --END-- [ RunTime:0.000000s ]
SQL: SHOW COLUMNS FROM `wp_userinfo` [ RunTime:0.000000s ]
INFO: [ view_parse ] --START--
INFO: [ template_filter ] --START--
INFO: Run Behavior\ContentReplace [ RunTime:0.000000s ]
INFO: [ template_filter ] --END-- [ RunTime:0.000000s ]
INFO: Run Behavior\ParseTemplate [ RunTime:0.015626s ]
INFO: [ view_parse ] --END-- [ RunTime:0.015626s ]
INFO: [ view_filter ] --START--
INFO: Run Behavior\WriteHtmlCache [ RunTime:0.000000s ]
INFO: [ view_filter ] --END-- [ RunTime:0.000000s ]
INFO: [ app_end ] --START--
INFO: Run Behavior\ShowPageTrace [ RunTime:0.000000s ]
INFO: [ app_end ] --END-- [ RunTime:0.000000s ]

[ 2016-12-22T23:29:58+08:00 ] 39.88.148.158 /
INFO: [ app_begin ] --START--
INFO: Run Behavior\ReadHtmlCache [ RunTime:0.000000s ]
INFO: [ app_begin ] --END-- [ RunTime:0.000000s ]

[ 2016-12-22T23:30:33+08:00 ] 39.88.148.158 /
INFO: [ app_begin ] --START--
INFO: Run Behavior\ReadHtmlCache [ RunTime:0.000000s ]
INFO: [ app_begin ] --END-- [ RunTime:0.000000s ]

[ 2016-12-22T23:30:33+08:00 ] 39.88.148.158 /index.php/Home/User/login.html
INFO: [ app_begin ] --START--
INFO: Run Behavior\ReadHtmlCache [ RunTime:0.000000s ]
INFO: [ app_begin ] --END-- [ RunTime:0.000000s ]
SQL: SHOW COLUMNS FROM `wp_userinfo` [ RunTime:0.000000s ]
INFO: [ view_parse ] --START--
INFO: [ template_filter ] --START--
INFO: Run Behavior\ContentReplace [ RunTime:0.000000s ]
INFO: [ template_filter ] --END-- [ RunTime:0.000000s ]
INFO: Run Behavior\ParseTemplate [ RunTime:0.015625s ]
INFO: [ view_parse ] --END-- [ RunTime:0.015625s ]
INFO: [ view_filter ] --START--
INFO: Run Behavior\WriteHtmlCache [ RunTime:0.000000s ]
INFO: [ view_filter ] --END-- [ RunTime:0.000000s ]
INFO: [ app_end ] --START--
INFO: Run Behavior\ShowPageTrace [ RunTime:0.000000s ]
INFO: [ app_end ] --END-- [ RunTime:0.000000s ]

[ 2016-12-22T23:30:46+08:00 ] 39.88.148.158 /index.php/Home/User/login.html
INFO: [ app_begin ] --START--
INFO: Run Behavior\ReadHtmlCache [ RunTime:0.000000s ]
INFO: [ app_begin ] --END-- [ RunTime:0.000000s ]
SQL: SHOW COLUMNS FROM `wp_userinfo` [ RunTime:0.015626s ]
SQL: SELECT `uid`,`username`,`upwd`,`utime` FROM `wp_userinfo` WHERE ( `username` = 'test' ) LIMIT 1   [ RunTime:0.000000s ]
INFO: [ view_parse ] --START--
INFO: [ template_filter ] --START--
INFO: Run Behavior\ContentReplace [ RunTime:0.000000s ]
INFO: [ template_filter ] --END-- [ RunTime:0.000000s ]
INFO: Run Behavior\ParseTemplate [ RunTime:0.000000s ]
INFO: [ view_parse ] --END-- [ RunTime:0.000000s ]
INFO: [ view_filter ] --START--
INFO: Run Behavior\WriteHtmlCache [ RunTime:0.000000s ]
INFO: [ view_filter ] --END-- [ RunTime:0.000000s ]

[ 2016-12-22T23:30:49+08:00 ] 39.88.148.158 /index.php/Home/User/login.html
INFO: [ app_begin ] --START--
INFO: Run Behavior\ReadHtmlCache [ RunTime:0.000000s ]
INFO: [ app_begin ] --END-- [ RunTime:0.000000s ]
SQL: SHOW COLUMNS FROM `wp_userinfo` [ RunTime:0.000000s ]
INFO: [ view_parse ] --START--
INFO: [ template_filter ] --START--
INFO: Run Behavior\ContentReplace [ RunTime:0.000000s ]
INFO: [ template_filter ] --END-- [ RunTime:0.000000s ]
INFO: Run Behavior\ParseTemplate [ RunTime:0.015625s ]
INFO: [ view_parse ] --END-- [ RunTime:0.015625s ]
INFO: [ view_filter ] --START--
INFO: Run Behavior\WriteHtmlCache [ RunTime:0.000000s ]
INFO: [ view_filter ] --END-- [ RunTime:0.000000s ]
INFO: [ app_end ] --START--
INFO: Run Behavior\ShowPageTrace [ RunTime:0.000000s ]
INFO: [ app_end ] --END-- [ RunTime:0.000000s ]

[ 2016-12-22T23:30:59+08:00 ] 39.88.148.158 /index.php/Home/User/login.html
INFO: [ app_begin ] --START--
INFO: Run Behavior\ReadHtmlCache [ RunTime:0.000000s ]
INFO: [ app_begin ] --END-- [ RunTime:0.000000s ]
SQL: SHOW COLUMNS FROM `wp_userinfo` [ RunTime:0.000000s ]
SQL: SELECT `uid`,`username`,`upwd`,`utime` FROM `wp_userinfo` WHERE ( `username` = 'test' ) LIMIT 1   [ RunTime:0.000000s ]
SQL: UPDATE `wp_userinfo` SET `lastlog`=1482420659 WHERE ( uid=390 ) [ RunTime:0.000000s ]

[ 2016-12-22T23:30:59+08:00 ] 39.88.148.158 /index.php/Home/Index/index.html
INFO: [ app_begin ] --START--
INFO: Run Behavior\ReadHtmlCache [ RunTime:0.000000s ]
INFO: [ app_begin ] --END-- [ RunTime:0.000000s ]
SQL: SHOW COLUMNS FROM `wp_userinfo` [ RunTime:0.015626s ]
SQL: SELECT * FROM `wp_userinfo` WHERE ( uid=390 ) LIMIT 1   [ RunTime:0.000000s ]
SQL: SHOW COLUMNS FROM `wp_accountinfo` [ RunTime:0.000000s ]
SQL: SELECT * FROM `wp_accountinfo` WHERE ( uid=390 ) LIMIT 1   [ RunTime:0.000000s ]
SQL: SHOW COLUMNS FROM `wp_experienceinfo` [ RunTime:0.000000s ]
SQL: SELECT COUNT(*) AS tp_count FROM `wp_experienceinfo` INNER JOIN wp_experience on wp_experienceinfo.eid=wp_experience.eid  WHERE ( wp_experienceinfo.uid=390 and 1482420659 < wp_experienceinfo.endtime and wp_experienceinfo.getstyle=0 ) LIMIT 1   [ RunTime:0.000000s ]
SQL: SELECT * FROM `wp_accountinfo` WHERE ( `uid` = 390 ) LIMIT 1   [ RunTime:0.000000s ]
SQL: SHOW COLUMNS FROM `wp_catproduct` [ RunTime:0.000000s ]
SQL: SELECT * FROM `wp_catproduct`  [ RunTime:0.000000s ]
SQL: SHOW COLUMNS FROM `wp_productinfo` [ RunTime:0.000000s ]
SQL: SELECT * FROM `wp_productinfo`  [ RunTime:0.000000s ]
SQL: SHOW COLUMNS FROM `wp_order` [ RunTime:0.000000s ]
SQL: SELECT * FROM `wp_order` INNER JOIN wp_productinfo on wp_order.pid=wp_productinfo.pid INNER JOIN wp_catproduct on wp_productinfo.cid=wp_catproduct.cid  WHERE ( wp_order.uid=390 and ostaus=0 )  [ RunTime:0.000000s ]
SQL: SHOW COLUMNS FROM `wp_newsinfo` [ RunTime:0.000000s ]
SQL: SELECT * FROM `wp_newsinfo` WHERE ( ncategory=1 ) ORDER BY nid desc LIMIT 3   [ RunTime:0.000000s ]
SQL: SELECT * FROM `wp_newsinfo` WHERE ( ncategory=2 ) ORDER BY nid desc LIMIT 3   [ RunTime:0.000000s ]
SQL: SELECT * FROM `wp_newsinfo` WHERE ( ncategory=3 ) ORDER BY nid desc LIMIT 3   [ RunTime:0.000000s ]
SQL: SHOW COLUMNS FROM `wp_webconfig` [ RunTime:0.000000s ]
SQL: SELECT * FROM `wp_webconfig`  [ RunTime:0.000000s ]
INFO: [ view_parse ] --START--
INFO: [ template_filter ] --START--
INFO: Run Behavior\ContentReplace [ RunTime:0.000000s ]
INFO: [ template_filter ] --END-- [ RunTime:0.000000s ]
INFO: Run Behavior\ParseTemplate [ RunTime:0.031251s ]
INFO: [ view_parse ] --END-- [ RunTime:0.031251s ]
INFO: [ view_filter ] --START--
INFO: Run Behavior\WriteHtmlCache [ RunTime:0.000000s ]
INFO: [ view_filter ] --END-- [ RunTime:0.000000s ]
INFO: [ app_end ] --START--
INFO: Run Behavior\ShowPageTrace [ RunTime:0.000000s ]
INFO: [ app_end ] --END-- [ RunTime:0.000000s ]

[ 2016-12-22T23:31:01+08:00 ] 39.88.148.158 /index.php/Home/Index/price
INFO: [ app_begin ] --START--
INFO: Run Behavior\ReadHtmlCache [ RunTime:0.000000s ]
INFO: [ app_begin ] --END-- [ RunTime:0.000000s ]

[ 2016-12-22T23:31:01+08:00 ] 39.88.148.158 /index.php/Home/Index/toprice
INFO: [ app_begin ] --START--
INFO: Run Behavior\ReadHtmlCache [ RunTime:0.000000s ]
INFO: [ app_begin ] --END-- [ RunTime:0.000000s ]

[ 2016-12-22T23:31:01+08:00 ] 39.88.148.158 /index.php/Home/Index/byprice
INFO: [ app_begin ] --START--
INFO: Run Behavior\ReadHtmlCache [ RunTime:0.000000s ]
INFO: [ app_begin ] --END-- [ RunTime:0.000000s ]

[ 2016-12-22T23:31:10+08:00 ] 39.88.148.158 /index.php/Home/User/login.html
INFO: [ app_begin ] --START--
INFO: Run Behavior\ReadHtmlCache [ RunTime:0.000000s ]
INFO: [ app_begin ] --END-- [ RunTime:0.000000s ]
SQL: SHOW COLUMNS FROM `wp_userinfo` [ RunTime:0.000000s ]
INFO: [ view_parse ] --START--
INFO: [ template_filter ] --START--
INFO: Run Behavior\ContentReplace [ RunTime:0.000000s ]
INFO: [ template_filter ] --END-- [ RunTime:0.000000s ]
INFO: Run Behavior\ParseTemplate [ RunTime:0.000000s ]
INFO: [ view_parse ] --END-- [ RunTime:0.000000s ]
INFO: [ view_filter ] --START--
INFO: Run Behavior\WriteHtmlCache [ RunTime:0.000000s ]
INFO: [ view_filter ] --END-- [ RunTime:0.000000s ]
INFO: [ app_end ] --START--
INFO: Run Behavior\ShowPageTrace [ RunTime:0.000000s ]
INFO: [ app_end ] --END-- [ RunTime:0.000000s ]

[ 2016-12-22T23:31:56+08:00 ] 101.226.125.121 /index.php/Home/User/login.html
INFO: [ app_begin ] --START--
INFO: Run Behavior\ReadHtmlCache [ RunTime:0.000000s ]
INFO: [ app_begin ] --END-- [ RunTime:0.000000s ]
SQL: SHOW COLUMNS FROM `wp_userinfo` [ RunTime:0.000000s ]
NOTIC: [8] Undefined index: openid D:\WWW\ceshi1\Application\Home\Controller\UserController.class.php 第 41 行.
SQL: SHOW COLUMNS FROM `wp_wechat` [ RunTime:0.000000s ]
SQL: SELECT * FROM `wp_wechat` LIMIT 1   [ RunTime:0.000000s ]
INFO: [ view_parse ] --START--
INFO: [ template_filter ] --START--
INFO: Run Behavior\ContentReplace [ RunTime:0.000000s ]
INFO: [ template_filter ] --END-- [ RunTime:0.000000s ]
INFO: Run Behavior\ParseTemplate [ RunTime:0.015625s ]
INFO: [ view_parse ] --END-- [ RunTime:0.015625s ]
INFO: [ view_filter ] --START--
INFO: Run Behavior\WriteHtmlCache [ RunTime:0.000000s ]
INFO: [ view_filter ] --END-- [ RunTime:0.000000s ]
INFO: [ app_end ] --START--
INFO: Run Behavior\ShowPageTrace [ RunTime:0.000000s ]
INFO: [ app_end ] --END-- [ RunTime:0.000000s ]

[ 2016-12-22T23:31:56+08:00 ] 140.207.185.124 /
INFO: [ app_begin ] --START--
INFO: Run Behavior\ReadHtmlCache [ RunTime:0.000000s ]
INFO: [ app_begin ] --END-- [ RunTime:0.000000s ]

[ 2016-12-22T23:31:57+08:00 ] 140.207.185.126 /
INFO: [ app_begin ] --START--
INFO: Run Behavior\ReadHtmlCache [ RunTime:0.000000s ]
INFO: [ app_begin ] --END-- [ RunTime:0.000000s ]

[ 2016-12-22T23:32:05+08:00 ] 101.226.33.227 /index.php/Home/User/login.html
INFO: [ app_begin ] --START--
INFO: Run Behavior\ReadHtmlCache [ RunTime:0.000000s ]
INFO: [ app_begin ] --END-- [ RunTime:0.000000s ]
SQL: SHOW COLUMNS FROM `wp_userinfo` [ RunTime:0.000000s ]
NOTIC: [8] Undefined index: openid D:\WWW\ceshi1\Application\Home\Controller\UserController.class.php 第 41 行.
SQL: SHOW COLUMNS FROM `wp_wechat` [ RunTime:0.000000s ]
SQL: SELECT * FROM `wp_wechat` LIMIT 1   [ RunTime:0.000000s ]
INFO: [ view_parse ] --START--
INFO: [ template_filter ] --START--
INFO: Run Behavior\ContentReplace [ RunTime:0.000000s ]
INFO: [ template_filter ] --END-- [ RunTime:0.000000s ]
INFO: Run Behavior\ParseTemplate [ RunTime:0.015626s ]
INFO: [ view_parse ] --END-- [ RunTime:0.015626s ]
INFO: [ view_filter ] --START--
INFO: Run Behavior\WriteHtmlCache [ RunTime:0.000000s ]
INFO: [ view_filter ] --END-- [ RunTime:0.000000s ]
INFO: [ app_end ] --START--
INFO: Run Behavior\ShowPageTrace [ RunTime:0.000000s ]
INFO: [ app_end ] --END-- [ RunTime:0.000000s ]

[ 2016-12-22T23:45:50+08:00 ] 39.88.148.158 /admin
INFO: [ app_begin ] --START--
INFO: Run Behavior\ReadHtmlCache [ RunTime:0.000000s ]
INFO: [ app_begin ] --END-- [ RunTime:0.000000s ]
INFO: [ view_parse ] --START--
INFO: [ template_filter ] --START--
INFO: Run Behavior\ContentReplace [ RunTime:0.000000s ]
INFO: [ template_filter ] --END-- [ RunTime:0.000000s ]
NOTIC: [8] Undefined variable: uname D:\WWW\ceshi1\Application\Runtime\Cache\Admin\1231bb807679ac85075f5ce2a7e2303e.php 第 37 行.
INFO: Run Behavior\ParseTemplate [ RunTime:0.015625s ]
INFO: [ view_parse ] --END-- [ RunTime:0.015625s ]
INFO: [ view_filter ] --START--
INFO: Run Behavior\WriteHtmlCache [ RunTime:0.000000s ]
INFO: [ view_filter ] --END-- [ RunTime:0.000000s ]
INFO: [ app_end ] --START--
INFO: Run Behavior\ShowPageTrace [ RunTime:0.000000s ]
INFO: [ app_end ] --END-- [ RunTime:0.000000s ]

[ 2016-12-22T23:47:49+08:00 ] 39.88.148.158 /index.php/Admin/Index/index.html
INFO: [ app_begin ] --START--
INFO: Run Behavior\ReadHtmlCache [ RunTime:0.000000s ]
INFO: [ app_begin ] --END-- [ RunTime:0.000000s ]
SQL: SHOW COLUMNS FROM `wp_userinfo` [ RunTime:0.000000s ]
SQL: SHOW COLUMNS FROM `wp_order` [ RunTime:0.015626s ]
SQL: SHOW COLUMNS FROM `wp_productinfo` [ RunTime:0.000000s ]
SQL: SHOW COLUMNS FROM `wp_accountinfo` [ RunTime:0.000000s ]
SQL: SELECT COUNT(*) AS tp_count FROM `wp_userinfo` WHERE ( ustatus=0 ) LIMIT 1   [ RunTime:0.000000s ]
SQL: SELECT COUNT(*) AS tp_count FROM `wp_order` WHERE ( date_format(from_UNIXTIME(selltime),'%Y-%m-%d')>='2016-12-22' ) LIMIT 1   [ RunTime:0.000000s ]
SQL: SELECT COUNT(*) AS tp_count FROM `wp_order` WHERE ( date_format(from_UNIXTIME(selltime),'%Y-%m-%d')>='2016-12-15' ) LIMIT 1   [ RunTime:0.000000s ]
SQL: SELECT * FROM `wp_order` WHERE ( date_format(from_UNIXTIME(selltime),'%Y-%m-%d')>='2016-11-22' )  [ RunTime:0.000000s ]
NOTIC: [8] Undefined variable: total D:\WWW\ceshi1\Application\Admin\Controller\IndexController.class.php 第 33 行.
SQL: SHOW COLUMNS FROM `wp_userinfo` [ RunTime:0.000000s ]
SQL: SELECT u.uid as uid,u.username as username,o.buytime as buytime,p.pid as pid,p.ptitle as ptitle,p.uprice as uprice,o.onumber as onumber,o.ostyle as ostyle,o.ostaus as ostaus,o.fee as fee,o.orderno as orderno FROM wp_userinfo u,wp_order o,wp_productinfo p WHERE ( u.uid=o.uid and o.pid=p.pid ) ORDER BY o.oid desc LIMIT 5   [ RunTime:0.000000s ]
SQL: SELECT * FROM `wp_productinfo` ORDER BY pid desc LIMIT 5   [ RunTime:0.000000s ]
INFO: [ view_parse ] --START--
INFO: [ template_filter ] --START--
INFO: Run Behavior\ContentReplace [ RunTime:0.000000s ]
INFO: [ template_filter ] --END-- [ RunTime:0.000000s ]
INFO: Run Behavior\ParseTemplate [ RunTime:0.015625s ]
INFO: [ view_parse ] --END-- [ RunTime:0.015625s ]
INFO: [ view_filter ] --START--
INFO: Run Behavior\WriteHtmlCache [ RunTime:0.000000s ]
INFO: [ view_filter ] --END-- [ RunTime:0.000000s ]
INFO: [ app_end ] --START--
INFO: Run Behavior\ShowPageTrace [ RunTime:0.015626s ]
INFO: [ app_end ] --END-- [ RunTime:0.015626s ]

[ 2016-12-22T23:48:02+08:00 ] 39.88.148.158 /index.php/Admin/Super/esystem.html
INFO: [ app_begin ] --START--
INFO: Run Behavior\ReadHtmlCache [ RunTime:0.000000s ]
INFO: [ app_begin ] --END-- [ RunTime:0.000000s ]
SQL: SHOW COLUMNS FROM `wp_webconfig` [ RunTime:0.000000s ]
SQL: SELECT * FROM `wp_webconfig` WHERE ( id=1 ) LIMIT 1   [ RunTime:0.000000s ]
INFO: [ view_parse ] --START--
INFO: [ template_filter ] --START--
INFO: Run Behavior\ContentReplace [ RunTime:0.000000s ]
INFO: [ template_filter ] --END-- [ RunTime:0.000000s ]
INFO: Run Behavior\ParseTemplate [ RunTime:0.046876s ]
INFO: [ view_parse ] --END-- [ RunTime:0.046876s ]
INFO: [ view_filter ] --START--
INFO: Run Behavior\WriteHtmlCache [ RunTime:0.000000s ]
INFO: [ view_filter ] --END-- [ RunTime:0.000000s ]
INFO: [ app_end ] --START--
INFO: Run Behavior\ShowPageTrace [ RunTime:0.000000s ]
INFO: [ app_end ] --END-- [ RunTime:0.000000s ]

[ 2016-12-22T23:48:21+08:00 ] 39.88.148.158 /index.php/Admin/Super/esystem.html
INFO: [ app_begin ] --START--
INFO: Run Behavior\ReadHtmlCache [ RunTime:0.000000s ]
INFO: [ app_begin ] --END-- [ RunTime:0.000000s ]
SQL: SHOW COLUMNS FROM `wp_webconfig` [ RunTime:0.000000s ]
SQL: SELECT * FROM `wp_webconfig` WHERE ( id=1 ) LIMIT 1   [ RunTime:0.000000s ]
INFO: [ view_parse ] --START--
INFO: [ template_filter ] --START--
INFO: Run Behavior\ContentReplace [ RunTime:0.000000s ]
INFO: [ template_filter ] --END-- [ RunTime:0.000000s ]
INFO: Run Behavior\ParseTemplate [ RunTime:0.015626s ]
INFO: [ view_parse ] --END-- [ RunTime:0.015626s ]
INFO: [ view_filter ] --START--
INFO: Run Behavior\WriteHtmlCache [ RunTime:0.000000s ]
INFO: [ view_filter ] --END-- [ RunTime:0.000000s ]
INFO: [ app_end ] --START--
INFO: Run Behavior\ShowPageTrace [ RunTime:0.000000s ]
INFO: [ app_end ] --END-- [ RunTime:0.000000s ]

[ 2016-12-22T23:48:34+08:00 ] 39.88.148.158 /index.php/Admin/User/agentlist.html
INFO: [ app_begin ] --START--
INFO: Run Behavior\ReadHtmlCache [ RunTime:0.000000s ]
INFO: [ app_begin ] --END-- [ RunTime:0.000000s ]
SQL: SHOW COLUMNS FROM `wp_userinfo` [ RunTime:0.015625s ]
SQL: SHOW COLUMNS FROM `wp_managerinfo` [ RunTime:0.000000s ]
SQL: SELECT * FROM `wp_userinfo` INNER JOIN wp_managerinfo on wp_userinfo.uid=wp_managerinfo.uid  WHERE ( wp_userinfo.agenttype=1 ) ORDER BY wp_userinfo.uid desc  [ RunTime:0.000000s ]
INFO: [ view_parse ] --START--
INFO: [ template_filter ] --START--
INFO: Run Behavior\ContentReplace [ RunTime:0.000000s ]
INFO: [ template_filter ] --END-- [ RunTime:0.000000s ]
NOTIC: [8] Undefined variable: page D:\WWW\ceshi1\Application\Runtime\Cache\Admin\502cf14940bb6788edc1601a91e13c60.php 第 389 行.
INFO: Run Behavior\ParseTemplate [ RunTime:0.015626s ]
INFO: [ view_parse ] --END-- [ RunTime:0.015626s ]
INFO: [ view_filter ] --START--
INFO: Run Behavior\WriteHtmlCache [ RunTime:0.000000s ]
INFO: [ view_filter ] --END-- [ RunTime:0.000000s ]
INFO: [ app_end ] --START--
INFO: Run Behavior\ShowPageTrace [ RunTime:0.000000s ]
INFO: [ app_end ] --END-- [ RunTime:0.000000s ]

[ 2016-12-22T23:48:44+08:00 ] 39.88.148.158 /index.php/Admin/Index/index.html
INFO: [ app_begin ] --START--
INFO: Run Behavior\ReadHtmlCache [ RunTime:0.000000s ]
INFO: [ app_begin ] --END-- [ RunTime:0.000000s ]
SQL: SHOW COLUMNS FROM `wp_userinfo` [ RunTime:0.000000s ]
SQL: SHOW COLUMNS FROM `wp_order` [ RunTime:0.000000s ]
SQL: SHOW COLUMNS FROM `wp_productinfo` [ RunTime:0.000000s ]
SQL: SHOW COLUMNS FROM `wp_accountinfo` [ RunTime:0.000000s ]
SQL: SELECT COUNT(*) AS tp_count FROM `wp_userinfo` WHERE ( ustatus=0 ) LIMIT 1   [ RunTime:0.000000s ]
SQL: SELECT COUNT(*) AS tp_count FROM `wp_order` WHERE ( date_format(from_UNIXTIME(selltime),'%Y-%m-%d')>='2016-12-22' ) LIMIT 1   [ RunTime:0.000000s ]
SQL: SELECT COUNT(*) AS tp_count FROM `wp_order` WHERE ( date_format(from_UNIXTIME(selltime),'%Y-%m-%d')>='2016-12-15' ) LIMIT 1   [ RunTime:0.000000s ]
SQL: SELECT * FROM `wp_order` WHERE ( date_format(from_UNIXTIME(selltime),'%Y-%m-%d')>='2016-11-22' )  [ RunTime:0.000000s ]
NOTIC: [8] Undefined variable: total D:\WWW\ceshi1\Application\Admin\Controller\IndexController.class.php 第 33 行.
SQL: SHOW COLUMNS FROM `wp_userinfo` [ RunTime:0.000000s ]
SQL: SELECT u.uid as uid,u.username as username,o.buytime as buytime,p.pid as pid,p.ptitle as ptitle,p.uprice as uprice,o.onumber as onumber,o.ostyle as ostyle,o.ostaus as ostaus,o.fee as fee,o.orderno as orderno FROM wp_userinfo u,wp_order o,wp_productinfo p WHERE ( u.uid=o.uid and o.pid=p.pid ) ORDER BY o.oid desc LIMIT 5   [ RunTime:0.015626s ]
SQL: SELECT * FROM `wp_productinfo` ORDER BY pid desc LIMIT 5   [ RunTime:0.000000s ]
INFO: [ view_parse ] --START--
INFO: [ template_filter ] --START--
INFO: Run Behavior\ContentReplace [ RunTime:0.000000s ]
INFO: [ template_filter ] --END-- [ RunTime:0.000000s ]
INFO: Run Behavior\ParseTemplate [ RunTime:0.015625s ]
INFO: [ view_parse ] --END-- [ RunTime:0.015625s ]
INFO: [ view_filter ] --START--
INFO: Run Behavior\WriteHtmlCache [ RunTime:0.000000s ]
INFO: [ view_filter ] --END-- [ RunTime:0.000000s ]
INFO: [ app_end ] --START--
INFO: Run Behavior\ShowPageTrace [ RunTime:0.000000s ]
INFO: [ app_end ] --END-- [ RunTime:0.000000s ]

[ 2016-12-22T23:48:50+08:00 ] 39.88.148.158 /index.php/Admin/Menber/wxinfo.html
INFO: [ app_begin ] --START--
INFO: Run Behavior\ReadHtmlCache [ RunTime:0.000000s ]
INFO: [ app_begin ] --END-- [ RunTime:0.000000s ]
SQL: SHOW COLUMNS FROM `wp_wechat` [ RunTime:0.000000s ]
SQL: SELECT * FROM `wp_wechat` LIMIT 1   [ RunTime:0.000000s ]
INFO: [ view_parse ] --START--
INFO: [ template_filter ] --START--
INFO: Run Behavior\ContentReplace [ RunTime:0.000000s ]
INFO: [ template_filter ] --END-- [ RunTime:0.000000s ]
NOTIC: [8] Use of undefined constant Menber - assumed 'Menber' D:\WWW\ceshi1\Application\Runtime\Cache\Admin\d3d43848cf1fc64a81e1acafcf3ea609.php 第 308 行.
NOTIC: [8] Use of undefined constant wxinfo - assumed 'wxinfo' D:\WWW\ceshi1\Application\Runtime\Cache\Admin\d3d43848cf1fc64a81e1acafcf3ea609.php 第 308 行.
NOTIC: [2] Division by zero D:\WWW\ceshi1\Application\Runtime\Cache\Admin\d3d43848cf1fc64a81e1acafcf3ea609.php 第 308 行.
INFO: Run Behavior\ParseTemplate [ RunTime:0.015625s ]
INFO: [ view_parse ] --END-- [ RunTime:0.015625s ]
INFO: [ view_filter ] --START--
INFO: Run Behavior\WriteHtmlCache [ RunTime:0.000000s ]
INFO: [ view_filter ] --END-- [ RunTime:0.000000s ]
INFO: [ app_end ] --START--
INFO: Run Behavior\ShowPageTrace [ RunTime:0.000000s ]
INFO: [ app_end ] --END-- [ RunTime:0.000000s ]

